#
# There is insufficient memory for the Java Runtime Environment to continue.
# Native memory allocation (mmap) failed to map 5324800 bytes for G1 virtual space
# Possible reasons:
#   The system is out of physical RAM or swap space
#   The process is running with CompressedOops enabled, and the Java Heap may be blocking the growth of the native heap
# Possible solutions:
#   Reduce memory load on the system
#   Increase physical memory or swap space
#   Check if swap backing store is full
#   Decrease Java heap size (-Xmx/-Xms)
#   Decrease number of Java threads
#   Decrease Java thread stack sizes (-Xss)
#   Set larger code cache with -XX:ReservedCodeCacheSize=
#   JVM is running with Unscaled Compressed Oops mode in which the Java heap is
#     placed in the first 4GB address space. The Java Heap base address is the
#     maximum limit for the native heap growth. Please use -XX:HeapBaseMinAddress
#     to set the Java Heap base and to place the Java Heap above 4GB virtual address.
# This output file may be truncated or incomplete.
#
#  Out of Memory Error (os_windows.cpp:3541), pid=1820, tid=6092
#
# JRE version: OpenJDK Runtime Environment Temurin-17.0.4+8 (17.0.4+8) (build 17.0.4+8)
# Java VM: OpenJDK 64-Bit Server VM Temurin-17.0.4+8 (17.0.4+8, mixed mode, emulated-client, tiered, compressed oops, compressed class ptrs, g1 gc, windows-amd64)
# No core dump will be written. Minidumps are not enabled by default on client versions of Windows
#

---------------  S U M M A R Y ------------

Command Line: -Dsts.lsp.client=vscode -Dsts.log.file=/dev/null -XX:TieredStopAtLevel=1 -Dspring.config.location=file:c:\Users\samue\.vscode\extensions\pivotal.vscode-spring-boot-1.38.0\language-server\BOOT-INF\classes\application.properties org.springframework.ide.vscode.boot.app.BootLanguageServerBootApp

Host: AMD Ryzen 5 5500U with Radeon Graphics         , 12 cores, 5G,  Windows 10 , 64 bit Build 19041 (10.0.19041.1889)
Time: Wed Sep 14 12:02:11 2022 Hora oficial do Brasil elapsed time: 3.156692 seconds (0d 0h 0m 3s)

---------------  T H R E A D  ---------------

Current thread (0x000001a9a3449d90):  VMThread "VM Thread" [stack: 0x0000009c53f00000,0x0000009c54000000] [id=6092]

Stack: [0x0000009c53f00000,0x0000009c54000000]
Native frames: (J=compiled Java code, j=interpreted, Vv=VM code, C=native code)
V  [jvm.dll+0x67733a]
V  [jvm.dll+0x8323c4]
V  [jvm.dll+0x833b6e]
V  [jvm.dll+0x8341d3]
V  [jvm.dll+0x2455e5]
V  [jvm.dll+0x674229]
V  [jvm.dll+0x668ab2]
V  [jvm.dll+0x30458b]
V  [jvm.dll+0x30bad6]
V  [jvm.dll+0x35ba93]
V  [jvm.dll+0x35bcaf]
V  [jvm.dll+0x2db428]
V  [jvm.dll+0x2d96dc]
V  [jvm.dll+0x2d8cac]
V  [jvm.dll+0x31cc0b]
V  [jvm.dll+0x83867b]
V  [jvm.dll+0x8393b4]
V  [jvm.dll+0x8398cc]
V  [jvm.dll+0x839ca4]
V  [jvm.dll+0x839d70]
V  [jvm.dll+0x7e245a]
V  [jvm.dll+0x6761c5]
C  [ucrtbase.dll+0x21bb2]
C  [KERNEL32.DLL+0x17034]
C  [ntdll.dll+0x52651]

VM_Operation (0x0000009c564fe550): G1CollectForAllocation, mode: safepoint, requested by thread 0x000001a9a5ddb3b0


---------------  P R O C E S S  ---------------

Threads class SMR info:
_java_thread_list=0x000001a9a5e53350, length=52, elements={
0x000001a9a3460790, 0x000001a9a3463520, 0x000001a9a349c130, 0x000001a9a349fdd0,
0x000001a9a34a16a0, 0x000001a9a34a1f60, 0x000001a9a34a2820, 0x000001a9a34a3120,
0x000001a9a4208800, 0x000001a9a4220d80, 0x000001a9a422b880, 0x000001a9a4acdbc0,
0x000001a9a4ad0880, 0x000001a9a5b56e90, 0x000001a9a5dac120, 0x000001a9a5dd89c0,
0x000001a9a5de8770, 0x000001a9a5dd8e90, 0x000001a9a5dd9360, 0x000001a9a5de46c0,
0x000001a9a5de4b90, 0x000001a9a5ddd560, 0x000001a9a5ddb880, 0x000001a9a5ddc220,
0x000001a9a5ddb3b0, 0x000001a9a5ddc6f0, 0x000001a9a5dde3d0, 0x000001a9a5dddf00,
0x000001a9a5ddda30, 0x000001a9a5ddbd50, 0x000001a9a5ddcbc0, 0x000001a9a5dde8a0,
0x000001a9a5dded70, 0x000001a9a5ddd090, 0x000001a9a6112630, 0x000001a9a6114310,
0x000001a9a6113970, 0x000001a9a6115180, 0x000001a9a6114cb0, 0x000001a9a6112b00,
0x000001a9a6115650, 0x000001a9a6117cd0, 0x000001a9a6118670, 0x000001a9a6113e40,
0x000001a9a61181a0, 0x000001a9a6118b40, 0x000001a9a6112160, 0x000001a9a6115b20,
0x000001a9a6119010, 0x000001a9a6115ff0, 0x000001a9a61194e0, 0x000001a9a6117330
}
_to_delete_list=0x000001a9a7dda6b0, length=51, elements={
0x000001a9a3460790, 0x000001a9a3463520, 0x000001a9a349c130, 0x000001a9a349fdd0,
0x000001a9a34a16a0, 0x000001a9a34a1f60, 0x000001a9a34a2820, 0x000001a9a34a3120,
0x000001a9a4208800, 0x000001a9a4220d80, 0x000001a9a422b880, 0x000001a9a4acdbc0,
0x000001a9a4ad0880, 0x000001a9a5b56e90, 0x000001a9a5dac120, 0x000001a9a5dd89c0,
0x000001a9a5de8770, 0x000001a9a5dd8e90, 0x000001a9a5dd9360, 0x000001a9a5de46c0,
0x000001a9a5de4b90, 0x000001a9a5ddd560, 0x000001a9a5ddb880, 0x000001a9a5ddc220,
0x000001a9a5ddb3b0, 0x000001a9a5ddc6f0, 0x000001a9a5dde3d0, 0x000001a9a5dddf00,
0x000001a9a5ddda30, 0x000001a9a5ddbd50, 0x000001a9a5ddcbc0, 0x000001a9a5dde8a0,
0x000001a9a5dded70, 0x000001a9a5ddd090, 0x000001a9a6112630, 0x000001a9a6114310,
0x000001a9a6113970, 0x000001a9a6115180, 0x000001a9a6114cb0, 0x000001a9a6112b00,
0x000001a9a6115650, 0x000001a9a6117cd0, 0x000001a9a6118670, 0x000001a9a6113e40,
0x000001a9a61181a0, 0x000001a9a6118b40, 0x000001a9a6112160, 0x000001a9a6115b20,
0x000001a9a6119010, 0x000001a9a6115ff0, 0x000001a9a61194e0
}

Java Threads: ( => current thread )
  0x000001a9a3460790 JavaThread "Reference Handler" daemon [_thread_blocked, id=8132, stack(0x0000009c54000000,0x0000009c54100000)]
  0x000001a9a3463520 JavaThread "Finalizer" daemon [_thread_blocked, id=19520, stack(0x0000009c54100000,0x0000009c54200000)]
  0x000001a9a349c130 JavaThread "Signal Dispatcher" daemon [_thread_blocked, id=6576, stack(0x0000009c54200000,0x0000009c54300000)]
  0x000001a9a349fdd0 JavaThread "Attach Listener" daemon [_thread_blocked, id=13968, stack(0x0000009c54300000,0x0000009c54400000)]
  0x000001a9a34a16a0 JavaThread "Service Thread" daemon [_thread_blocked, id=15544, stack(0x0000009c54400000,0x0000009c54500000)]
  0x000001a9a34a1f60 JavaThread "Monitor Deflation Thread" daemon [_thread_blocked, id=25356, stack(0x0000009c54500000,0x0000009c54600000)]
  0x000001a9a34a2820 JavaThread "C1 CompilerThread0" daemon [_thread_blocked, id=17200, stack(0x0000009c54600000,0x0000009c54700000)]
  0x000001a9a34a3120 JavaThread "Sweeper thread" daemon [_thread_blocked, id=11724, stack(0x0000009c54700000,0x0000009c54800000)]
  0x000001a9a4208800 JavaThread "C1 CompilerThread1" daemon [_thread_blocked, id=19732, stack(0x0000009c54800000,0x0000009c54900000)]
  0x000001a9a4220d80 JavaThread "Notification Thread" daemon [_thread_blocked, id=19584, stack(0x0000009c54900000,0x0000009c54a00000)]
  0x000001a9a422b880 JavaThread "Common-Cleaner" daemon [_thread_blocked, id=26120, stack(0x0000009c54b00000,0x0000009c54c00000)]
  0x000001a9a4acdbc0 JavaThread "C1 CompilerThread2" daemon [_thread_blocked, id=26016, stack(0x0000009c54c00000,0x0000009c54d00000)]
  0x000001a9a4ad0880 JavaThread "C1 CompilerThread3" daemon [_thread_blocked, id=26164, stack(0x0000009c54d00000,0x0000009c54e00000)]
  0x000001a9a5b56e90 JavaThread "ForkJoinPool.commonPool-worker-1" daemon [_thread_blocked, id=16428, stack(0x0000009c55300000,0x0000009c55400000)]
  0x000001a9a5dac120 JavaThread "ClassGraph-worker-0" daemon [_thread_blocked, id=26376, stack(0x0000009c55a00000,0x0000009c55b00000)]
  0x000001a9a5dd89c0 JavaThread "ClassGraph-worker-1" daemon [_thread_blocked, id=24648, stack(0x0000009c55b00000,0x0000009c55c00000)]
  0x000001a9a5de8770 JavaThread "ClassGraph-worker-2" daemon [_thread_blocked, id=13012, stack(0x0000009c55c00000,0x0000009c55d00000)]
  0x000001a9a5dd8e90 JavaThread "ClassGraph-worker-3" daemon [_thread_blocked, id=26636, stack(0x0000009c55d00000,0x0000009c55e00000)]
  0x000001a9a5dd9360 JavaThread "ClassGraph-worker-4" daemon [_thread_blocked, id=16196, stack(0x0000009c55e00000,0x0000009c55f00000)]
  0x000001a9a5de46c0 JavaThread "ClassGraph-worker-5" daemon [_thread_blocked, id=12828, stack(0x0000009c55f00000,0x0000009c56000000)]
  0x000001a9a5de4b90 JavaThread "ClassGraph-worker-6" daemon [_thread_blocked, id=19124, stack(0x0000009c56000000,0x0000009c56100000)]
  0x000001a9a5ddd560 JavaThread "ClassGraph-worker-7" daemon [_thread_blocked, id=23068, stack(0x0000009c56100000,0x0000009c56200000)]
  0x000001a9a5ddb880 JavaThread "ClassGraph-worker-8" daemon [_thread_blocked, id=19572, stack(0x0000009c56200000,0x0000009c56300000)]
  0x000001a9a5ddc220 JavaThread "ClassGraph-worker-9" daemon [_thread_blocked, id=26492, stack(0x0000009c56300000,0x0000009c56400000)]
  0x000001a9a5ddb3b0 JavaThread "ClassGraph-worker-10" daemon [_thread_blocked, id=23472, stack(0x0000009c56400000,0x0000009c56500000)]
  0x000001a9a5ddc6f0 JavaThread "ClassGraph-worker-11" daemon [_thread_blocked, id=21532, stack(0x0000009c56500000,0x0000009c56600000)]
  0x000001a9a5dde3d0 JavaThread "ClassGraph-worker-12" daemon [_thread_blocked, id=23632, stack(0x0000009c56600000,0x0000009c56700000)]
  0x000001a9a5dddf00 JavaThread "ClassGraph-worker-13" daemon [_thread_blocked, id=22340, stack(0x0000009c56700000,0x0000009c56800000)]
  0x000001a9a5ddda30 JavaThread "ClassGraph-worker-14" daemon [_thread_blocked, id=17944, stack(0x0000009c56800000,0x0000009c56900000)]
  0x000001a9a5ddbd50 JavaThread "ClassGraph-worker-15" daemon [_thread_blocked, id=20024, stack(0x0000009c56900000,0x0000009c56a00000)]
  0x000001a9a5ddcbc0 JavaThread "ClassGraph-worker-16" daemon [_thread_blocked, id=20564, stack(0x0000009c56a00000,0x0000009c56b00000)]
  0x000001a9a5dde8a0 JavaThread "ClassGraph-worker-17" daemon [_thread_blocked, id=1576, stack(0x0000009c56b00000,0x0000009c56c00000)]
  0x000001a9a5dded70 JavaThread "ClassGraph-worker-18" daemon [_thread_blocked, id=19116, stack(0x0000009c56c00000,0x0000009c56d00000)]
  0x000001a9a5ddd090 JavaThread "pool-7-thread-1" [_thread_blocked, id=25864, stack(0x0000009c56d00000,0x0000009c56e00000)]
  0x000001a9a6112630 JavaThread "LanguageServerApp-lifecycle" [_thread_blocked, id=24036, stack(0x0000009c56e00000,0x0000009c56f00000)]
  0x000001a9a6114310 JavaThread "DestroyJavaVM" [_thread_blocked, id=16848, stack(0x0000009c53900000,0x0000009c53a00000)]
  0x000001a9a6113970 JavaThread "pool-8-thread-1" [_thread_in_native, id=3124, stack(0x0000009c56f00000,0x0000009c57000000)]
  0x000001a9a6115180 JavaThread "Simple-Language-Server main thread" daemon [_thread_blocked, id=9492, stack(0x0000009c57000000,0x0000009c57100000)]
  0x000001a9a6114cb0 JavaThread "pool-5-thread-1" [_thread_blocked, id=20728, stack(0x0000009c57100000,0x0000009c57200000)]
  0x000001a9a6112b00 JavaThread "parallel-1" daemon [_thread_blocked, id=14156, stack(0x0000009c57200000,0x0000009c57300000)]
  0x000001a9a6115650 JavaThread "parallel-2" daemon [_thread_blocked, id=24988, stack(0x0000009c57300000,0x0000009c57400000)]
  0x000001a9a6117cd0 JavaThread "parallel-3" daemon [_thread_blocked, id=22212, stack(0x0000009c57400000,0x0000009c57500000)]
  0x000001a9a6118670 JavaThread "parallel-4" daemon [_thread_blocked, id=13692, stack(0x0000009c57500000,0x0000009c57600000)]
  0x000001a9a6113e40 JavaThread "parallel-5" daemon [_thread_blocked, id=27192, stack(0x0000009c57600000,0x0000009c57700000)]
  0x000001a9a61181a0 JavaThread "parallel-6" daemon [_thread_blocked, id=26456, stack(0x0000009c57700000,0x0000009c57800000)]
  0x000001a9a6118b40 JavaThread "parallel-7" daemon [_thread_blocked, id=17664, stack(0x0000009c57800000,0x0000009c57900000)]
  0x000001a9a6112160 JavaThread "parallel-8" daemon [_thread_blocked, id=13488, stack(0x0000009c57900000,0x0000009c57a00000)]
  0x000001a9a6115b20 JavaThread "parallel-9" daemon [_thread_blocked, id=26432, stack(0x0000009c57a00000,0x0000009c57b00000)]
  0x000001a9a6119010 JavaThread "parallel-10" daemon [_thread_blocked, id=5668, stack(0x0000009c57b00000,0x0000009c57c00000)]
  0x000001a9a6115ff0 JavaThread "parallel-11" daemon [_thread_blocked, id=2236, stack(0x0000009c57c00000,0x0000009c57d00000)]
  0x000001a9a61194e0 JavaThread "parallel-12" daemon [_thread_blocked, id=26236, stack(0x0000009c57d00000,0x0000009c57e00000)]
  0x000001a9a6117330 JavaThread "Reconciler-1" daemon [_thread_blocked, id=4004, stack(0x0000009c57e00000,0x0000009c57f00000)]

Other Threads:
=>0x000001a9a3449d90 VMThread "VM Thread" [stack: 0x0000009c53f00000,0x0000009c54000000] [id=6092]
  0x000001a9970787c0 WatcherThread [stack: 0x0000009c54a00000,0x0000009c54b00000] [id=7752]
  0x000001a997052750 GCTaskThread "GC Thread#0" [stack: 0x0000009c53a00000,0x0000009c53b00000] [id=18404]
  0x000001a9a4bb63d0 GCTaskThread "GC Thread#1" [stack: 0x0000009c54e00000,0x0000009c54f00000] [id=2676]
  0x000001a9a4bba740 GCTaskThread "GC Thread#2" [stack: 0x0000009c54f00000,0x0000009c55000000] [id=1640]
  0x000001a9a4bba9f0 GCTaskThread "GC Thread#3" [stack: 0x0000009c55000000,0x0000009c55100000] [id=27176]
  0x000001a9a4bbaca0 GCTaskThread "GC Thread#4" [stack: 0x0000009c55100000,0x0000009c55200000] [id=18524]
  0x000001a9a4bbb560 GCTaskThread "GC Thread#5" [stack: 0x0000009c55200000,0x0000009c55300000] [id=24884]
  0x000001a9a55ef850 GCTaskThread "GC Thread#6" [stack: 0x0000009c55400000,0x0000009c55500000] [id=25636]
  0x000001a9a55efb00 GCTaskThread "GC Thread#7" [stack: 0x0000009c55500000,0x0000009c55600000] [id=13088]
  0x000001a9a55efdb0 GCTaskThread "GC Thread#8" [stack: 0x0000009c55600000,0x0000009c55700000] [id=17036]
  0x000001a9a55c1b90 GCTaskThread "GC Thread#9" [stack: 0x0000009c55700000,0x0000009c55800000] [id=7964]
  0x000001a9970605e0 ConcurrentGCThread "G1 Main Marker" [stack: 0x0000009c53b00000,0x0000009c53c00000] [id=23580]
  0x000001a997060ff0 ConcurrentGCThread "G1 Conc#0" [stack: 0x0000009c53c00000,0x0000009c53d00000] [id=11400]
  0x000001a9a57b7920 ConcurrentGCThread "G1 Conc#1" [stack: 0x0000009c55800000,0x0000009c55900000] [id=25176]
  0x000001a9a57b83e0 ConcurrentGCThread "G1 Conc#2" [stack: 0x0000009c55900000,0x0000009c55a00000] [id=15880]
  0x000001a9a32c0090 ConcurrentGCThread "G1 Refine#0" [stack: 0x0000009c53d00000,0x0000009c53e00000] [id=4080]
  0x000001a9a7f06cc0 ConcurrentGCThread "G1 Refine#1" [stack: 0x0000009c57f00000,0x0000009c58000000] [id=17972]
  0x000001a9a32c0ab0 ConcurrentGCThread "G1 Service" [stack: 0x0000009c53e00000,0x0000009c53f00000] [id=21480]

Threads with active compile tasks:

VM state: at safepoint (normal execution)

VM Mutex/Monitor currently owned by a thread:  ([mutex/lock_event])
[0x000001a994d99fb0] Threads_lock - owner thread: 0x000001a9a3449d90
[0x000001a997008b60] Heap_lock - owner thread: 0x000001a9a5ddb3b0

Heap address: 0x00000000a2600000, size: 1498 MB, Compressed Oops mode: 32-bit

CDS archive(s) not mapped
Compressed class space mapped at: 0x0000000100000000-0x0000000140000000, reserved size: 1073741824
Narrow klass base: 0x0000000000000000, Narrow klass shift: 3, Narrow klass range: 0x140000000

GC Precious Log:
 CPUs: 12 total, 12 available
 Memory: 5989M
 Large Page Support: Disabled
 NUMA Support: Disabled
 Compressed Oops: Enabled (32-bit)
 Heap Region Size: 1M
 Heap Min Capacity: 8M
 Heap Initial Capacity: 94M
 Heap Max Capacity: 1498M
 Pre-touch: Disabled
 Parallel Workers: 10
 Concurrent Workers: 3
 Concurrent Refinement Workers: 10
 Periodic GC: Disabled

Heap:
 garbage-first heap   total 181248K, used 73860K [0x00000000a2600000, 0x0000000100000000)
  region size 1024K, 6 young (6144K), 6 survivors (6144K)
 Metaspace       used 35072K, committed 35392K, reserved 1081344K
  class space    used 4562K, committed 4736K, reserved 1048576K

Heap Regions: E=young(eden), S=young(survivor), O=old, HS=humongous(starts), HC=humongous(continues), CS=collection set, F=free, OA=open archive, CA=closed archive, TAMS=top-at-mark-start (previous, next)
|   0|0x00000000a2600000, 0x00000000a2700000, 0x00000000a2700000|100%| O|  |TAMS 0x00000000a2700000, 0x00000000a2700000| Untracked 
|   1|0x00000000a2700000, 0x00000000a2800000, 0x00000000a2800000|100%| O|  |TAMS 0x00000000a2800000, 0x00000000a2800000| Untracked 
|   2|0x00000000a2800000, 0x00000000a2900000, 0x00000000a2900000|100%| O|  |TAMS 0x00000000a2900000, 0x00000000a2900000| Untracked 
|   3|0x00000000a2900000, 0x00000000a2a00000, 0x00000000a2a00000|100%| O|  |TAMS 0x00000000a2a00000, 0x00000000a2a00000| Untracked 
|   4|0x00000000a2a00000, 0x00000000a2b00000, 0x00000000a2b00000|100%| O|  |TAMS 0x00000000a2b00000, 0x00000000a2b00000| Untracked 
|   5|0x00000000a2b00000, 0x00000000a2c00000, 0x00000000a2c00000|100%| O|  |TAMS 0x00000000a2c00000, 0x00000000a2c00000| Untracked 
|   6|0x00000000a2c00000, 0x00000000a2d00000, 0x00000000a2d00000|100%| O|  |TAMS 0x00000000a2d00000, 0x00000000a2d00000| Untracked 
|   7|0x00000000a2d00000, 0x00000000a2de7600, 0x00000000a2e00000| 90%| O|  |TAMS 0x00000000a2de7600, 0x00000000a2de7600| Untracked 
|   8|0x00000000a2e00000, 0x00000000a2f00000, 0x00000000a2f00000|100%| O|  |TAMS 0x00000000a2f00000, 0x00000000a2f00000| Untracked 
|   9|0x00000000a2f00000, 0x00000000a3000000, 0x00000000a3000000|100%| O|  |TAMS 0x00000000a3000000, 0x00000000a3000000| Untracked 
|  10|0x00000000a3000000, 0x00000000a3100000, 0x00000000a3100000|100%| O|  |TAMS 0x00000000a3100000, 0x00000000a3100000| Untracked 
|  11|0x00000000a3100000, 0x00000000a3200000, 0x00000000a3200000|100%| O|  |TAMS 0x00000000a3200000, 0x00000000a3200000| Untracked 
|  12|0x00000000a3200000, 0x00000000a3300000, 0x00000000a3300000|100%| O|  |TAMS 0x00000000a3300000, 0x00000000a3300000| Untracked 
|  13|0x00000000a3300000, 0x00000000a3400000, 0x00000000a3400000|100%| O|  |TAMS 0x00000000a3400000, 0x00000000a3400000| Untracked 
|  14|0x00000000a3400000, 0x00000000a3500000, 0x00000000a3500000|100%| O|  |TAMS 0x00000000a3500000, 0x00000000a3500000| Untracked 
|  15|0x00000000a3500000, 0x00000000a3600000, 0x00000000a3600000|100%| O|  |TAMS 0x00000000a3600000, 0x00000000a3600000| Untracked 
|  16|0x00000000a3600000, 0x00000000a3700000, 0x00000000a3700000|100%| O|  |TAMS 0x00000000a3700000, 0x00000000a3700000| Untracked 
|  17|0x00000000a3700000, 0x00000000a3800000, 0x00000000a3800000|100%| O|  |TAMS 0x00000000a3800000, 0x00000000a3800000| Untracked 
|  18|0x00000000a3800000, 0x00000000a3900000, 0x00000000a3900000|100%| O|  |TAMS 0x00000000a3900000, 0x00000000a3900000| Untracked 
|  19|0x00000000a3900000, 0x00000000a3a00000, 0x00000000a3a00000|100%| O|  |TAMS 0x00000000a3a00000, 0x00000000a3a00000| Untracked 
|  20|0x00000000a3a00000, 0x00000000a3b00000, 0x00000000a3b00000|100%| O|  |TAMS 0x00000000a3b00000, 0x00000000a3b00000| Untracked 
|  21|0x00000000a3b00000, 0x00000000a3c00000, 0x00000000a3c00000|100%| O|  |TAMS 0x00000000a3c00000, 0x00000000a3c00000| Untracked 
|  22|0x00000000a3c00000, 0x00000000a3d00000, 0x00000000a3d00000|100%| O|  |TAMS 0x00000000a3d00000, 0x00000000a3d00000| Untracked 
|  23|0x00000000a3d00000, 0x00000000a3e00000, 0x00000000a3e00000|100%| O|  |TAMS 0x00000000a3dcb400, 0x00000000a3e00000| Untracked 
|  24|0x00000000a3e00000, 0x00000000a3f00000, 0x00000000a3f00000|100%| O|  |TAMS 0x00000000a3e00000, 0x00000000a3f00000| Untracked 
|  25|0x00000000a3f00000, 0x00000000a4000000, 0x00000000a4000000|100%| O|  |TAMS 0x00000000a3f00000, 0x00000000a4000000| Untracked 
|  26|0x00000000a4000000, 0x00000000a4100000, 0x00000000a4100000|100%| O|  |TAMS 0x00000000a4000000, 0x00000000a4100000| Untracked 
|  27|0x00000000a4100000, 0x00000000a4200000, 0x00000000a4200000|100%| O|  |TAMS 0x00000000a4100000, 0x00000000a4200000| Untracked 
|  28|0x00000000a4200000, 0x00000000a4300000, 0x00000000a4300000|100%| O|  |TAMS 0x00000000a4200000, 0x00000000a4300000| Untracked 
|  29|0x00000000a4300000, 0x00000000a4400000, 0x00000000a4400000|100%| O|  |TAMS 0x00000000a4300000, 0x00000000a4400000| Untracked 
|  30|0x00000000a4400000, 0x00000000a4500000, 0x00000000a4500000|100%| O|  |TAMS 0x00000000a4400000, 0x00000000a4500000| Untracked 
|  31|0x00000000a4500000, 0x00000000a4600000, 0x00000000a4600000|100%| O|  |TAMS 0x00000000a4500000, 0x00000000a4600000| Untracked 
|  32|0x00000000a4600000, 0x00000000a4700000, 0x00000000a4700000|100%| O|  |TAMS 0x00000000a4600000, 0x00000000a4700000| Untracked 
|  33|0x00000000a4700000, 0x00000000a4800000, 0x00000000a4800000|100%| O|  |TAMS 0x00000000a4700000, 0x00000000a4800000| Untracked 
|  34|0x00000000a4800000, 0x00000000a4900000, 0x00000000a4900000|100%| O|  |TAMS 0x00000000a4800000, 0x00000000a4900000| Untracked 
|  35|0x00000000a4900000, 0x00000000a4a00000, 0x00000000a4a00000|100%| O|  |TAMS 0x00000000a4900000, 0x00000000a4a00000| Untracked 
|  36|0x00000000a4a00000, 0x00000000a4b00000, 0x00000000a4b00000|100%| O|  |TAMS 0x00000000a4a00000, 0x00000000a4b00000| Untracked 
|  37|0x00000000a4b00000, 0x00000000a4c00000, 0x00000000a4c00000|100%| O|  |TAMS 0x00000000a4b00000, 0x00000000a4c00000| Untracked 
|  38|0x00000000a4c00000, 0x00000000a4d00000, 0x00000000a4d00000|100%| O|  |TAMS 0x00000000a4c00000, 0x00000000a4d00000| Untracked 
|  39|0x00000000a4d00000, 0x00000000a4e00000, 0x00000000a4e00000|100%|HS|  |TAMS 0x00000000a4d00000, 0x00000000a4e00000| Complete 
|  40|0x00000000a4e00000, 0x00000000a4f00000, 0x00000000a4f00000|100%| O|  |TAMS 0x00000000a4e00000, 0x00000000a4f00000| Untracked 
|  41|0x00000000a4f00000, 0x00000000a5000000, 0x00000000a5000000|100%| O|  |TAMS 0x00000000a4f00000, 0x00000000a5000000| Untracked 
|  42|0x00000000a5000000, 0x00000000a5100000, 0x00000000a5100000|100%| O|  |TAMS 0x00000000a5000000, 0x00000000a5100000| Untracked 
|  43|0x00000000a5100000, 0x00000000a5200000, 0x00000000a5200000|100%| O|  |TAMS 0x00000000a5100000, 0x00000000a5200000| Untracked 
|  44|0x00000000a5200000, 0x00000000a5300000, 0x00000000a5300000|100%| O|  |TAMS 0x00000000a5200000, 0x00000000a5300000| Untracked 
|  45|0x00000000a5300000, 0x00000000a5400000, 0x00000000a5400000|100%| O|  |TAMS 0x00000000a5300000, 0x00000000a5400000| Untracked 
|  46|0x00000000a5400000, 0x00000000a5500000, 0x00000000a5500000|100%| O|  |TAMS 0x00000000a5400000, 0x00000000a5500000| Untracked 
|  47|0x00000000a5500000, 0x00000000a5600000, 0x00000000a5600000|100%| O|  |TAMS 0x00000000a5500000, 0x00000000a559be00| Untracked 
|  48|0x00000000a5600000, 0x00000000a5700000, 0x00000000a5700000|100%| O|  |TAMS 0x00000000a5600000, 0x00000000a5600000| Untracked 
|  49|0x00000000a5700000, 0x00000000a5800000, 0x00000000a5800000|100%| O|  |TAMS 0x00000000a5700000, 0x00000000a5700000| Untracked 
|  50|0x00000000a5800000, 0x00000000a5900000, 0x00000000a5900000|100%| O|  |TAMS 0x00000000a5800000, 0x00000000a5800000| Untracked 
|  51|0x00000000a5900000, 0x00000000a5a00000, 0x00000000a5a00000|100%| O|  |TAMS 0x00000000a5900000, 0x00000000a5900000| Untracked 
|  52|0x00000000a5a00000, 0x00000000a5b00000, 0x00000000a5b00000|100%| O|  |TAMS 0x00000000a5a00000, 0x00000000a5a00000| Untracked 
|  53|0x00000000a5b00000, 0x00000000a5c00000, 0x00000000a5c00000|100%| O|  |TAMS 0x00000000a5b00000, 0x00000000a5b00000| Untracked 
|  54|0x00000000a5c00000, 0x00000000a5d00000, 0x00000000a5d00000|100%|HS|  |TAMS 0x00000000a5c00000, 0x00000000a5c00000| Complete 
|  55|0x00000000a5d00000, 0x00000000a5e00000, 0x00000000a5e00000|100%| O|  |TAMS 0x00000000a5d00000, 0x00000000a5d00000| Untracked 
|  56|0x00000000a5e00000, 0x00000000a5f00000, 0x00000000a5f00000|100%| O|  |TAMS 0x00000000a5e00000, 0x00000000a5e00000| Untracked 
|  57|0x00000000a5f00000, 0x00000000a6000000, 0x00000000a6000000|100%| O|  |TAMS 0x00000000a5f00000, 0x00000000a5f00000| Untracked 
|  58|0x00000000a6000000, 0x00000000a6100000, 0x00000000a6100000|100%| O|  |TAMS 0x00000000a6000000, 0x00000000a6000000| Untracked 
|  59|0x00000000a6100000, 0x00000000a6200000, 0x00000000a6200000|100%| O|  |TAMS 0x00000000a6100000, 0x00000000a6100000| Untracked 
|  60|0x00000000a6200000, 0x00000000a6300000, 0x00000000a6300000|100%| O|  |TAMS 0x00000000a6200000, 0x00000000a6200000| Untracked 
|  61|0x00000000a6300000, 0x00000000a6400000, 0x00000000a6400000|100%| O|  |TAMS 0x00000000a6300000, 0x00000000a6300000| Untracked 
|  62|0x00000000a6400000, 0x00000000a6500000, 0x00000000a6500000|100%| O|  |TAMS 0x00000000a6400000, 0x00000000a6400000| Untracked 
|  63|0x00000000a6500000, 0x00000000a6600000, 0x00000000a6600000|100%| O|  |TAMS 0x00000000a6500000, 0x00000000a6500000| Untracked 
|  64|0x00000000a6600000, 0x00000000a6700000, 0x00000000a6700000|100%| O|  |TAMS 0x00000000a6600000, 0x00000000a6600000| Untracked 
|  65|0x00000000a6700000, 0x00000000a6800000, 0x00000000a6800000|100%| O|  |TAMS 0x00000000a6700000, 0x00000000a6700000| Untracked 
|  66|0x00000000a6800000, 0x00000000a6845400, 0x00000000a6900000| 27%| O|  |TAMS 0x00000000a6800000, 0x00000000a6800000| Untracked 
|  67|0x00000000a6900000, 0x00000000a6900000, 0x00000000a6a00000|  0%| F|  |TAMS 0x00000000a6900000, 0x00000000a6900000| Untracked 
|  68|0x00000000a6a00000, 0x00000000a6a00000, 0x00000000a6b00000|  0%| F|  |TAMS 0x00000000a6a00000, 0x00000000a6a00000| Untracked 
|  69|0x00000000a6b00000, 0x00000000a6b00000, 0x00000000a6c00000|  0%| F|  |TAMS 0x00000000a6b00000, 0x00000000a6b00000| Untracked 
|  70|0x00000000a6c00000, 0x00000000a6c00000, 0x00000000a6d00000|  0%| F|  |TAMS 0x00000000a6c00000, 0x00000000a6c00000| Untracked 
|  71|0x00000000a6d00000, 0x00000000a6d00000, 0x00000000a6e00000|  0%| F|  |TAMS 0x00000000a6d00000, 0x00000000a6d00000| Untracked 
|  72|0x00000000a6e00000, 0x00000000a6e00000, 0x00000000a6f00000|  0%| F|  |TAMS 0x00000000a6e00000, 0x00000000a6e00000| Untracked 
|  73|0x00000000a6f00000, 0x00000000a6f00000, 0x00000000a7000000|  0%| F|  |TAMS 0x00000000a6f00000, 0x00000000a6f00000| Untracked 
|  74|0x00000000a7000000, 0x00000000a7000000, 0x00000000a7100000|  0%| F|  |TAMS 0x00000000a7000000, 0x00000000a7000000| Untracked 
|  75|0x00000000a7100000, 0x00000000a7100000, 0x00000000a7200000|  0%| F|  |TAMS 0x00000000a7100000, 0x00000000a7100000| Untracked 
|  76|0x00000000a7200000, 0x00000000a7200000, 0x00000000a7300000|  0%| F|  |TAMS 0x00000000a7200000, 0x00000000a7200000| Untracked 
|  77|0x00000000a7300000, 0x00000000a7300000, 0x00000000a7400000|  0%| F|  |TAMS 0x00000000a7300000, 0x00000000a7300000| Untracked 
|  78|0x00000000a7400000, 0x00000000a7400000, 0x00000000a7500000|  0%| F|  |TAMS 0x00000000a7400000, 0x00000000a7400000| Untracked 
|  79|0x00000000a7500000, 0x00000000a7500000, 0x00000000a7600000|  0%| F|  |TAMS 0x00000000a7500000, 0x00000000a7500000| Untracked 
|  80|0x00000000a7600000, 0x00000000a7600000, 0x00000000a7700000|  0%| F|  |TAMS 0x00000000a7600000, 0x00000000a7600000| Untracked 
|  81|0x00000000a7700000, 0x00000000a7700000, 0x00000000a7800000|  0%| F|  |TAMS 0x00000000a7700000, 0x00000000a7700000| Untracked 
|  82|0x00000000a7800000, 0x00000000a7800000, 0x00000000a7900000|  0%| F|  |TAMS 0x00000000a7800000, 0x00000000a7800000| Untracked 
|  83|0x00000000a7900000, 0x00000000a7900000, 0x00000000a7a00000|  0%| F|  |TAMS 0x00000000a7900000, 0x00000000a7900000| Untracked 
|  84|0x00000000a7a00000, 0x00000000a7a00000, 0x00000000a7b00000|  0%| F|  |TAMS 0x00000000a7a00000, 0x00000000a7a00000| Untracked 
|  85|0x00000000a7b00000, 0x00000000a7b00000, 0x00000000a7c00000|  0%| F|  |TAMS 0x00000000a7b00000, 0x00000000a7b00000| Untracked 
|  86|0x00000000a7c00000, 0x00000000a7c00000, 0x00000000a7d00000|  0%| F|  |TAMS 0x00000000a7c00000, 0x00000000a7c00000| Untracked 
|  87|0x00000000a7d00000, 0x00000000a7d00000, 0x00000000a7e00000|  0%| F|  |TAMS 0x00000000a7d00000, 0x00000000a7d00000| Untracked 
|  88|0x00000000a7e00000, 0x00000000a7e00000, 0x00000000a7f00000|  0%| F|  |TAMS 0x00000000a7e00000, 0x00000000a7e00000| Untracked 
|  89|0x00000000a7f00000, 0x00000000a7f00000, 0x00000000a8000000|  0%| F|  |TAMS 0x00000000a7f00000, 0x00000000a7f00000| Untracked 
|  90|0x00000000a8000000, 0x00000000a8000000, 0x00000000a8100000|  0%| F|  |TAMS 0x00000000a8000000, 0x00000000a8000000| Untracked 
|  91|0x00000000a8100000, 0x00000000a8100000, 0x00000000a8200000|  0%| F|  |TAMS 0x00000000a8100000, 0x00000000a8100000| Untracked 
|  92|0x00000000a8200000, 0x00000000a8200000, 0x00000000a8300000|  0%| F|  |TAMS 0x00000000a8200000, 0x00000000a8200000| Untracked 
|  93|0x00000000a8300000, 0x00000000a8300000, 0x00000000a8400000|  0%| F|  |TAMS 0x00000000a8300000, 0x00000000a8300000| Untracked 
|  94|0x00000000a8400000, 0x00000000a8400000, 0x00000000a8500000|  0%| F|  |TAMS 0x00000000a8400000, 0x00000000a8400000| Untracked 
|  95|0x00000000a8500000, 0x00000000a8500000, 0x00000000a8600000|  0%| F|  |TAMS 0x00000000a8500000, 0x00000000a8500000| Untracked 
|  96|0x00000000a8600000, 0x00000000a8600000, 0x00000000a8700000|  0%| F|  |TAMS 0x00000000a8600000, 0x00000000a8600000| Untracked 
|  97|0x00000000a8700000, 0x00000000a87f4970, 0x00000000a8800000| 95%| S|CS|TAMS 0x00000000a8700000, 0x00000000a8700000| Complete 
|  98|0x00000000a8800000, 0x00000000a8900000, 0x00000000a8900000|100%| S|CS|TAMS 0x00000000a8800000, 0x00000000a8800000| Complete 
|  99|0x00000000a8900000, 0x00000000a8a00000, 0x00000000a8a00000|100%| S|CS|TAMS 0x00000000a8900000, 0x00000000a8900000| Complete 
| 100|0x00000000a8a00000, 0x00000000a8a00000, 0x00000000a8b00000|  0%| F|  |TAMS 0x00000000a8a00000, 0x00000000a8a00000| Untracked 
| 101|0x00000000a8b00000, 0x00000000a8b00000, 0x00000000a8c00000|  0%| F|  |TAMS 0x00000000a8b00000, 0x00000000a8b00000| Untracked 
| 102|0x00000000a8c00000, 0x00000000a8c00000, 0x00000000a8d00000|  0%| F|  |TAMS 0x00000000a8c00000, 0x00000000a8c00000| Untracked 
| 103|0x00000000a8d00000, 0x00000000a8d00000, 0x00000000a8e00000|  0%| F|  |TAMS 0x00000000a8d00000, 0x00000000a8d00000| Untracked 
| 104|0x00000000a8e00000, 0x00000000a8e00000, 0x00000000a8f00000|  0%| F|  |TAMS 0x00000000a8e00000, 0x00000000a8e00000| Untracked 
| 105|0x00000000a8f00000, 0x00000000a8f00000, 0x00000000a9000000|  0%| F|  |TAMS 0x00000000a8f00000, 0x00000000a8f00000| Untracked 
| 106|0x00000000a9000000, 0x00000000a9100000, 0x00000000a9100000|100%| S|CS|TAMS 0x00000000a9000000, 0x00000000a9000000| Complete 
| 107|0x00000000a9100000, 0x00000000a9200000, 0x00000000a9200000|100%| S|CS|TAMS 0x00000000a9100000, 0x00000000a9100000| Complete 
| 108|0x00000000a9200000, 0x00000000a9300000, 0x00000000a9300000|100%| S|CS|TAMS 0x00000000a9200000, 0x00000000a9200000| Complete 
| 109|0x00000000a9300000, 0x00000000a9300000, 0x00000000a9400000|  0%| F|  |TAMS 0x00000000a9300000, 0x00000000a9300000| Untracked 
| 110|0x00000000a9400000, 0x00000000a9400000, 0x00000000a9500000|  0%| F|  |TAMS 0x00000000a9400000, 0x00000000a9400000| Untracked 
| 111|0x00000000a9500000, 0x00000000a9500000, 0x00000000a9600000|  0%| F|  |TAMS 0x00000000a9500000, 0x00000000a9500000| Untracked 
| 112|0x00000000a9600000, 0x00000000a9600000, 0x00000000a9700000|  0%| F|  |TAMS 0x00000000a9600000, 0x00000000a9600000| Untracked 
| 113|0x00000000a9700000, 0x00000000a9700000, 0x00000000a9800000|  0%| F|  |TAMS 0x00000000a9700000, 0x00000000a9700000| Untracked 
| 114|0x00000000a9800000, 0x00000000a9800000, 0x00000000a9900000|  0%| F|  |TAMS 0x00000000a9800000, 0x00000000a9800000| Untracked 
| 115|0x00000000a9900000, 0x00000000a9900000, 0x00000000a9a00000|  0%| F|  |TAMS 0x00000000a9900000, 0x00000000a9900000| Untracked 
| 116|0x00000000a9a00000, 0x00000000a9a00000, 0x00000000a9b00000|  0%| F|  |TAMS 0x00000000a9a00000, 0x00000000a9a00000| Untracked 
| 117|0x00000000a9b00000, 0x00000000a9b00000, 0x00000000a9c00000|  0%| F|  |TAMS 0x00000000a9b00000, 0x00000000a9b00000| Untracked 
| 118|0x00000000a9c00000, 0x00000000a9c00000, 0x00000000a9d00000|  0%| F|  |TAMS 0x00000000a9c00000, 0x00000000a9c00000| Untracked 
| 119|0x00000000a9d00000, 0x00000000a9d00000, 0x00000000a9e00000|  0%| F|  |TAMS 0x00000000a9d00000, 0x00000000a9d00000| Untracked 
| 120|0x00000000a9e00000, 0x00000000a9e00000, 0x00000000a9f00000|  0%| F|  |TAMS 0x00000000a9e00000, 0x00000000a9e00000| Untracked 
| 121|0x00000000a9f00000, 0x00000000a9f00000, 0x00000000aa000000|  0%| F|  |TAMS 0x00000000a9f00000, 0x00000000a9f00000| Untracked 
| 122|0x00000000aa000000, 0x00000000aa000000, 0x00000000aa100000|  0%| F|  |TAMS 0x00000000aa000000, 0x00000000aa000000| Untracked 
| 123|0x00000000aa100000, 0x00000000aa100000, 0x00000000aa200000|  0%| F|  |TAMS 0x00000000aa100000, 0x00000000aa100000| Untracked 
| 124|0x00000000aa200000, 0x00000000aa200000, 0x00000000aa300000|  0%| F|  |TAMS 0x00000000aa200000, 0x00000000aa200000| Untracked 
| 125|0x00000000aa300000, 0x00000000aa300000, 0x00000000aa400000|  0%| F|  |TAMS 0x00000000aa300000, 0x00000000aa300000| Untracked 
| 126|0x00000000aa400000, 0x00000000aa400000, 0x00000000aa500000|  0%| F|  |TAMS 0x00000000aa400000, 0x00000000aa400000| Untracked 
| 127|0x00000000aa500000, 0x00000000aa500000, 0x00000000aa600000|  0%| F|  |TAMS 0x00000000aa500000, 0x00000000aa500000| Untracked 
| 128|0x00000000aa600000, 0x00000000aa600000, 0x00000000aa700000|  0%| F|  |TAMS 0x00000000aa600000, 0x00000000aa600000| Untracked 
| 129|0x00000000aa700000, 0x00000000aa700000, 0x00000000aa800000|  0%| F|  |TAMS 0x00000000aa700000, 0x00000000aa700000| Untracked 
| 130|0x00000000aa800000, 0x00000000aa800000, 0x00000000aa900000|  0%| F|  |TAMS 0x00000000aa800000, 0x00000000aa800000| Untracked 
| 131|0x00000000aa900000, 0x00000000aa900000, 0x00000000aaa00000|  0%| F|  |TAMS 0x00000000aa900000, 0x00000000aa900000| Untracked 
| 132|0x00000000aaa00000, 0x00000000aaa00000, 0x00000000aab00000|  0%| F|  |TAMS 0x00000000aaa00000, 0x00000000aaa00000| Untracked 
| 133|0x00000000aab00000, 0x00000000aab00000, 0x00000000aac00000|  0%| F|  |TAMS 0x00000000aab00000, 0x00000000aab00000| Untracked 
| 134|0x00000000aac00000, 0x00000000aac00000, 0x00000000aad00000|  0%| F|  |TAMS 0x00000000aac00000, 0x00000000aac00000| Untracked 
| 135|0x00000000aad00000, 0x00000000aad00000, 0x00000000aae00000|  0%| F|  |TAMS 0x00000000aad00000, 0x00000000aad00000| Untracked 
| 136|0x00000000aae00000, 0x00000000aae00000, 0x00000000aaf00000|  0%| F|  |TAMS 0x00000000aae00000, 0x00000000aae00000| Untracked 
| 137|0x00000000aaf00000, 0x00000000aaf00000, 0x00000000ab000000|  0%| F|  |TAMS 0x00000000aaf00000, 0x00000000aaf00000| Untracked 
| 138|0x00000000ab000000, 0x00000000ab000000, 0x00000000ab100000|  0%| F|  |TAMS 0x00000000ab000000, 0x00000000ab000000| Untracked 
| 139|0x00000000ab100000, 0x00000000ab100000, 0x00000000ab200000|  0%| F|  |TAMS 0x00000000ab100000, 0x00000000ab100000| Untracked 
| 140|0x00000000ab200000, 0x00000000ab200000, 0x00000000ab300000|  0%| F|  |TAMS 0x00000000ab200000, 0x00000000ab200000| Untracked 
| 141|0x00000000ab300000, 0x00000000ab300000, 0x00000000ab400000|  0%| F|  |TAMS 0x00000000ab300000, 0x00000000ab300000| Untracked 
| 142|0x00000000ab400000, 0x00000000ab400000, 0x00000000ab500000|  0%| F|  |TAMS 0x00000000ab400000, 0x00000000ab400000| Untracked 
| 143|0x00000000ab500000, 0x00000000ab500000, 0x00000000ab600000|  0%| F|  |TAMS 0x00000000ab500000, 0x00000000ab500000| Untracked 
| 144|0x00000000ab600000, 0x00000000ab600000, 0x00000000ab700000|  0%| F|  |TAMS 0x00000000ab600000, 0x00000000ab600000| Untracked 
| 145|0x00000000ab700000, 0x00000000ab700000, 0x00000000ab800000|  0%| F|  |TAMS 0x00000000ab700000, 0x00000000ab700000| Untracked 
| 146|0x00000000ab800000, 0x00000000ab800000, 0x00000000ab900000|  0%| F|  |TAMS 0x00000000ab800000, 0x00000000ab800000| Untracked 
| 147|0x00000000ab900000, 0x00000000ab900000, 0x00000000aba00000|  0%| F|  |TAMS 0x00000000ab900000, 0x00000000ab900000| Untracked 
| 148|0x00000000aba00000, 0x00000000aba00000, 0x00000000abb00000|  0%| F|  |TAMS 0x00000000aba00000, 0x00000000aba00000| Untracked 
| 149|0x00000000abb00000, 0x00000000abb00000, 0x00000000abc00000|  0%| F|  |TAMS 0x00000000abb00000, 0x00000000abb00000| Untracked 
| 150|0x00000000abc00000, 0x00000000abc00000, 0x00000000abd00000|  0%| F|  |TAMS 0x00000000abc00000, 0x00000000abc00000| Untracked 
| 151|0x00000000abd00000, 0x00000000abd00000, 0x00000000abe00000|  0%| F|  |TAMS 0x00000000abd00000, 0x00000000abd00000| Untracked 
| 152|0x00000000abe00000, 0x00000000abe00000, 0x00000000abf00000|  0%| F|  |TAMS 0x00000000abe00000, 0x00000000abe00000| Untracked 
| 153|0x00000000abf00000, 0x00000000abf00000, 0x00000000ac000000|  0%| F|  |TAMS 0x00000000abf00000, 0x00000000abf00000| Untracked 
| 154|0x00000000ac000000, 0x00000000ac000000, 0x00000000ac100000|  0%| F|  |TAMS 0x00000000ac000000, 0x00000000ac000000| Untracked 
| 155|0x00000000ac100000, 0x00000000ac100000, 0x00000000ac200000|  0%| F|  |TAMS 0x00000000ac100000, 0x00000000ac100000| Untracked 
| 156|0x00000000ac200000, 0x00000000ac200000, 0x00000000ac300000|  0%| F|  |TAMS 0x00000000ac200000, 0x00000000ac200000| Untracked 
| 157|0x00000000ac300000, 0x00000000ac300000, 0x00000000ac400000|  0%| F|  |TAMS 0x00000000ac300000, 0x00000000ac300000| Untracked 
| 158|0x00000000ac400000, 0x00000000ac400000, 0x00000000ac500000|  0%| F|  |TAMS 0x00000000ac400000, 0x00000000ac400000| Untracked 
| 159|0x00000000ac500000, 0x00000000ac500000, 0x00000000ac600000|  0%| F|  |TAMS 0x00000000ac500000, 0x00000000ac500000| Untracked 
| 160|0x00000000ac600000, 0x00000000ac600000, 0x00000000ac700000|  0%| F|  |TAMS 0x00000000ac600000, 0x00000000ac600000| Untracked 
| 161|0x00000000ac700000, 0x00000000ac700000, 0x00000000ac800000|  0%| F|  |TAMS 0x00000000ac700000, 0x00000000ac700000| Untracked 
| 162|0x00000000ac800000, 0x00000000ac800000, 0x00000000ac900000|  0%| F|  |TAMS 0x00000000ac800000, 0x00000000ac800000| Untracked 
| 163|0x00000000ac900000, 0x00000000ac900000, 0x00000000aca00000|  0%| F|  |TAMS 0x00000000ac900000, 0x00000000ac900000| Untracked 
| 164|0x00000000aca00000, 0x00000000aca00000, 0x00000000acb00000|  0%| F|  |TAMS 0x00000000aca00000, 0x00000000aca00000| Untracked 
| 165|0x00000000acb00000, 0x00000000acb00000, 0x00000000acc00000|  0%| F|  |TAMS 0x00000000acb00000, 0x00000000acb00000| Untracked 
| 166|0x00000000acc00000, 0x00000000acc00000, 0x00000000acd00000|  0%| F|  |TAMS 0x00000000acc00000, 0x00000000acc00000| Untracked 
| 167|0x00000000acd00000, 0x00000000acd00000, 0x00000000ace00000|  0%| F|  |TAMS 0x00000000acd00000, 0x00000000acd00000| Untracked 
| 168|0x00000000ace00000, 0x00000000ace00000, 0x00000000acf00000|  0%| F|  |TAMS 0x00000000ace00000, 0x00000000ace00000| Untracked 
| 169|0x00000000acf00000, 0x00000000acf00000, 0x00000000ad000000|  0%| F|  |TAMS 0x00000000acf00000, 0x00000000acf00000| Untracked 
| 170|0x00000000ad000000, 0x00000000ad000000, 0x00000000ad100000|  0%| F|  |TAMS 0x00000000ad000000, 0x00000000ad000000| Untracked 
| 171|0x00000000ad100000, 0x00000000ad100000, 0x00000000ad200000|  0%| F|  |TAMS 0x00000000ad100000, 0x00000000ad100000| Untracked 
| 172|0x00000000ad200000, 0x00000000ad200000, 0x00000000ad300000|  0%| F|  |TAMS 0x00000000ad200000, 0x00000000ad200000| Untracked 
| 173|0x00000000ad300000, 0x00000000ad300000, 0x00000000ad400000|  0%| F|  |TAMS 0x00000000ad300000, 0x00000000ad300000| Untracked 
| 174|0x00000000ad400000, 0x00000000ad400000, 0x00000000ad500000|  0%| F|  |TAMS 0x00000000ad400000, 0x00000000ad400000| Untracked 
| 175|0x00000000ad500000, 0x00000000ad500000, 0x00000000ad600000|  0%| F|  |TAMS 0x00000000ad500000, 0x00000000ad500000| Untracked 
| 176|0x00000000ad600000, 0x00000000ad600000, 0x00000000ad700000|  0%| F|  |TAMS 0x00000000ad600000, 0x00000000ad600000| Untracked 

Card table byte_map: [0x000001a99d2c0000,0x000001a99d5b0000] _byte_map_base: 0x000001a99cdad000

Marking Bits (Prev, Next): (CMBitMap*) 0x000001a997054170, (CMBitMap*) 0x000001a9970541b0
 Prev Bits: [0x000001a99d8a0000, 0x000001a99f008000)
 Next Bits: [0x000001a99f010000, 0x000001a9a0778000)

Polling page: 0x000001a9967e0000

Metaspace:

Usage:
  Non-class:     29.79 MB used.
      Class:      4.46 MB used.
       Both:     34.25 MB used.

Virtual space:
  Non-class space:       32.00 MB reserved,      29.94 MB ( 94%) committed,  4 nodes.
      Class space:        1.00 GB reserved,       4.62 MB ( <1%) committed,  1 nodes.
             Both:        1.03 GB reserved,      34.56 MB (  3%) committed. 

Chunk freelists:
   Non-Class:  1.62 MB
       Class:  3.34 MB
        Both:  4.97 MB

MaxMetaspaceSize: unlimited
CompressedClassSpaceSize: 1.00 GB
Initial GC threshold: 21.00 MB
Current GC threshold: 54.00 MB
CDS: off
MetaspaceReclaimPolicy: balanced
 - commit_granule_bytes: 65536.
 - commit_granule_words: 8192.
 - virtual_space_node_default_size: 1048576.
 - enlarge_chunks_in_place: 1.
 - new_chunks_are_fully_committed: 0.
 - uncommit_free_chunks: 1.
 - use_allocation_guard: 0.
 - handle_deallocations: 1.


Internal statistics:

num_allocs_failed_limit: 5.
num_arena_births: 302.
num_arena_deaths: 0.
num_vsnodes_births: 5.
num_vsnodes_deaths: 0.
num_space_committed: 553.
num_space_uncommitted: 0.
num_chunks_returned_to_freelist: 5.
num_chunks_taken_from_freelist: 1287.
num_chunk_merges: 5.
num_chunk_splits: 896.
num_chunks_enlarged: 703.
num_purges: 0.
num_inconsistent_stats: 0.

CodeCache: size=49152Kb used=9032Kb max_used=9032Kb free=40119Kb
 bounds [0x000001a999ca0000, 0x000001a99a580000, 0x000001a99cca0000]
 total_blobs=4210 nmethods=3684 adapters=450
 compilation: enabled
              stopped_count=0, restarted_count=0
 full_count=0

Compilation events (20 events):
Event: 3.089 Thread 0x000001a9a4ad0880 nmethod 3668 0x000001a99a567e90 code [0x000001a99a568020, 0x000001a99a568138]
Event: 3.089 Thread 0x000001a9a4ad0880 3651       1       jdk.internal.jimage.ImageReader::findLocation (14 bytes)
Event: 3.089 Thread 0x000001a9a4208800 nmethod 3663 0x000001a99a568190 code [0x000001a99a5683a0, 0x000001a99a568888]
Event: 3.089 Thread 0x000001a9a4208800 3650       1       jdk.internal.jimage.ImageReader::getResourceBuffer (13 bytes)
Event: 3.089 Thread 0x000001a9a4208800 nmethod 3650 0x000001a99a568a90 code [0x000001a99a568c40, 0x000001a99a568dd8]
Event: 3.090 Thread 0x000001a9a4ad0880 nmethod 3651 0x000001a99a568f10 code [0x000001a99a5690c0, 0x000001a99a569258]
Event: 3.090 Thread 0x000001a9a4208800 3657       1       jdk.internal.module.SystemModuleFinders$SystemModuleReader::release (10 bytes)
Event: 3.090 Thread 0x000001a9a4ad0880 3658       1       jdk.internal.jimage.ImageReader::releaseByteBuffer (5 bytes)
Event: 3.090 Thread 0x000001a9a4ad0880 nmethod 3658 0x000001a99a569390 code [0x000001a99a569520, 0x000001a99a569668]
Event: 3.090 Thread 0x000001a9a4208800 nmethod 3657 0x000001a99a569710 code [0x000001a99a5698c0, 0x000001a99a569ab8]
Event: 3.090 Thread 0x000001a9a4ad0880 3665       1       jdk.internal.jimage.BasicImageReader::releaseByteBuffer (16 bytes)
Event: 3.090 Thread 0x000001a9a4208800 3641       1       java.util.zip.Inflater$InflaterZStreamRef::clean (10 bytes)
Event: 3.090 Thread 0x000001a9a4ad0880 nmethod 3665 0x000001a99a569c10 code [0x000001a99a569da0, 0x000001a99a569ee8]
Event: 3.091 Thread 0x000001a9a4208800 nmethod 3641 0x000001a99a569f90 code [0x000001a99a56a140, 0x000001a99a56a2a8]
Event: 3.091 Thread 0x000001a9a34a2820 nmethod 3655 0x000001a99a56a410 code [0x000001a99a56a6c0, 0x000001a99a56b178]
Event: 3.092 Thread 0x000001a9a4208800 3683  s!   1       jdk.internal.loader.URLClassPath::getLoader (196 bytes)
Event: 3.116 Thread 0x000001a9a4acdbc0 nmethod 3661 0x000001a99a56b790 code [0x000001a99a56bfc0, 0x000001a99a56eb08]
Event: 3.117 Thread 0x000001a9a4208800 nmethod 3683 0x000001a99a570590 code [0x000001a99a570840, 0x000001a99a571258]
Event: 3.127 Thread 0x000001a9a34a2820 3684       1       java.util.concurrent.locks.ReentrantLock$NonfairSync::tryAcquire (27 bytes)
Event: 3.128 Thread 0x000001a9a34a2820 nmethod 3684 0x000001a99a571f10 code [0x000001a99a5720a0, 0x000001a99a572218]

GC Heap History (20 events):
Event: 2.675 GC heap after
{Heap after GC invocations=10 (full 0):
 garbage-first heap   total 49152K, used 24030K [0x00000000a2600000, 0x0000000100000000)
  region size 1024K, 3 young (3072K), 3 survivors (3072K)
 Metaspace       used 32336K, committed 32640K, reserved 1081344K
  class space    used 4090K, committed 4224K, reserved 1048576K
}
Event: 2.713 GC heap before
{Heap before GC invocations=10 (full 0):
 garbage-first heap   total 49152K, used 36318K [0x00000000a2600000, 0x0000000100000000)
  region size 1024K, 15 young (15360K), 3 survivors (3072K)
 Metaspace       used 32692K, committed 33024K, reserved 1081344K
  class space    used 4145K, committed 4288K, reserved 1048576K
}
Event: 2.716 GC heap after
{Heap after GC invocations=11 (full 0):
 garbage-first heap   total 49152K, used 26314K [0x00000000a2600000, 0x0000000100000000)
  region size 1024K, 2 young (2048K), 2 survivors (2048K)
 Metaspace       used 32692K, committed 33024K, reserved 1081344K
  class space    used 4145K, committed 4288K, reserved 1048576K
}
Event: 2.743 GC heap before
{Heap before GC invocations=11 (full 0):
 garbage-first heap   total 49152K, used 37578K [0x00000000a2600000, 0x0000000100000000)
  region size 1024K, 13 young (13312K), 2 survivors (2048K)
 Metaspace       used 32822K, committed 33088K, reserved 1081344K
  class space    used 4164K, committed 4288K, reserved 1048576K
}
Event: 2.745 GC heap after
{Heap after GC invocations=12 (full 0):
 garbage-first heap   total 96256K, used 28533K [0x00000000a2600000, 0x0000000100000000)
  region size 1024K, 2 young (2048K), 2 survivors (2048K)
 Metaspace       used 32822K, committed 33088K, reserved 1081344K
  class space    used 4164K, committed 4288K, reserved 1048576K
}
Event: 2.819 GC heap before
{Heap before GC invocations=13 (full 0):
 garbage-first heap   total 96256K, used 67445K [0x00000000a2600000, 0x0000000100000000)
  region size 1024K, 40 young (40960K), 2 survivors (2048K)
 Metaspace       used 33138K, committed 33472K, reserved 1081344K
  class space    used 4214K, committed 4352K, reserved 1048576K
}
Event: 2.827 GC heap after
{Heap after GC invocations=14 (full 0):
 garbage-first heap   total 96256K, used 38526K [0x00000000a2600000, 0x0000000100000000)
  region size 1024K, 5 young (5120K), 5 survivors (5120K)
 Metaspace       used 33138K, committed 33472K, reserved 1081344K
  class space    used 4214K, committed 4352K, reserved 1048576K
}
Event: 2.875 GC heap before
{Heap before GC invocations=14 (full 0):
 garbage-first heap   total 96256K, used 67198K [0x00000000a2600000, 0x0000000100000000)
  region size 1024K, 33 young (33792K), 5 survivors (5120K)
 Metaspace       used 33407K, committed 33664K, reserved 1081344K
  class space    used 4254K, committed 4352K, reserved 1048576K
}
Event: 2.881 GC heap after
{Heap after GC invocations=15 (full 0):
 garbage-first heap   total 96256K, used 44068K [0x00000000a2600000, 0x0000000100000000)
  region size 1024K, 5 young (5120K), 5 survivors (5120K)
 Metaspace       used 33407K, committed 33664K, reserved 1081344K
  class space    used 4254K, committed 4352K, reserved 1048576K
}
Event: 2.985 GC heap before
{Heap before GC invocations=15 (full 0):
 garbage-first heap   total 96256K, used 70692K [0x00000000a2600000, 0x0000000100000000)
  region size 1024K, 30 young (30720K), 5 survivors (5120K)
 Metaspace       used 34385K, committed 34752K, reserved 1081344K
  class space    used 4431K, committed 4608K, reserved 1048576K
}
Event: 2.992 GC heap after
{Heap after GC invocations=16 (full 0):
 garbage-first heap   total 96256K, used 52749K [0x00000000a2600000, 0x0000000100000000)
  region size 1024K, 4 young (4096K), 4 survivors (4096K)
 Metaspace       used 34385K, committed 34752K, reserved 1081344K
  class space    used 4431K, committed 4608K, reserved 1048576K
}
Event: 3.012 GC heap before
{Heap before GC invocations=16 (full 0):
 garbage-first heap   total 96256K, used 60941K [0x00000000a2600000, 0x0000000100000000)
  region size 1024K, 14 young (14336K), 4 survivors (4096K)
 Metaspace       used 34533K, committed 34944K, reserved 1081344K
  class space    used 4474K, committed 4672K, reserved 1048576K
}
Event: 3.018 GC heap after
{Heap after GC invocations=17 (full 0):
 garbage-first heap   total 181248K, used 57673K [0x00000000a2600000, 0x0000000100000000)
  region size 1024K, 3 young (3072K), 3 survivors (3072K)
 Metaspace       used 34533K, committed 34944K, reserved 1081344K
  class space    used 4474K, committed 4672K, reserved 1048576K
}
Event: 3.068 GC heap before
{Heap before GC invocations=17 (full 0):
 garbage-first heap   total 181248K, used 130377K [0x00000000a2600000, 0x0000000100000000)
  region size 1024K, 74 young (75776K), 3 survivors (3072K)
 Metaspace       used 34944K, committed 35328K, reserved 1081344K
  class space    used 4547K, committed 4736K, reserved 1048576K
}
Event: 3.084 GC heap after
{Heap after GC invocations=18 (full 0):
 garbage-first heap   total 181248K, used 65255K [0x00000000a2600000, 0x0000000100000000)
  region size 1024K, 10 young (10240K), 10 survivors (10240K)
 Metaspace       used 34944K, committed 35328K, reserved 1081344K
  class space    used 4547K, committed 4736K, reserved 1048576K
}
Event: 3.102 GC heap before
{Heap before GC invocations=18 (full 0):
 garbage-first heap   total 181248K, used 131815K [0x00000000a2600000, 0x0000000100000000)
  region size 1024K, 76 young (77824K), 10 survivors (10240K)
 Metaspace       used 34997K, committed 35328K, reserved 1081344K
  class space    used 4551K, committed 4736K, reserved 1048576K
}
Event: 3.116 GC heap after
{Heap after GC invocations=19 (full 0):
 garbage-first heap   total 181248K, used 68182K [0x00000000a2600000, 0x0000000100000000)
  region size 1024K, 4 young (4096K), 4 survivors (4096K)
 Metaspace       used 34997K, committed 35328K, reserved 1081344K
  class space    used 4551K, committed 4736K, reserved 1048576K
}
Event: 3.131 GC heap before
{Heap before GC invocations=19 (full 0):
 garbage-first heap   total 181248K, used 135766K [0x00000000a2600000, 0x0000000100000000)
  region size 1024K, 71 young (72704K), 4 survivors (4096K)
 Metaspace       used 35064K, committed 35392K, reserved 1081344K
  class space    used 4561K, committed 4736K, reserved 1048576K
}
Event: 3.134 GC heap after
{Heap after GC invocations=20 (full 0):
 garbage-first heap   total 181248K, used 70550K [0x00000000a2600000, 0x0000000100000000)
  region size 1024K, 6 young (6144K), 6 survivors (6144K)
 Metaspace       used 35064K, committed 35392K, reserved 1081344K
  class space    used 4561K, committed 4736K, reserved 1048576K
}
Event: 3.150 GC heap before
{Heap before GC invocations=20 (full 0):
 garbage-first heap   total 181248K, used 139158K [0x00000000a2600000, 0x0000000100000000)
  region size 1024K, 74 young (75776K), 6 survivors (6144K)
 Metaspace       used 35072K, committed 35392K, reserved 1081344K
  class space    used 4562K, committed 4736K, reserved 1048576K
}

Deoptimization events (12 events):
Event: 1.406 Thread 0x000001a99700a760 DEOPT PACKING pc=0x000001a99a1d4499 sp=0x0000009c539fd380
Event: 1.406 Thread 0x000001a99700a760 DEOPT UNPACKING pc=0x000001a999cf2b43 sp=0x0000009c539fc860 mode 3
Event: 2.498 Thread 0x000001a99700a760 DEOPT PACKING pc=0x000001a99a339f99 sp=0x0000009c539fc8f0
Event: 2.498 Thread 0x000001a99700a760 DEOPT UNPACKING pc=0x000001a999cf2b43 sp=0x0000009c539fbdd0 mode 3
Event: 2.558 Thread 0x000001a9a5b56e90 DEOPT PACKING pc=0x000001a99a39a82b sp=0x0000009c553fe440
Event: 2.558 Thread 0x000001a9a5b56e90 DEOPT UNPACKING pc=0x000001a999cf2b43 sp=0x0000009c553fd988 mode 3
Event: 2.671 Thread 0x000001a9a5dd89c0 DEOPT PACKING pc=0x000001a99a1ce497 sp=0x0000009c55bfef00
Event: 2.671 Thread 0x000001a9a5dd89c0 DEOPT UNPACKING pc=0x000001a999cf2b43 sp=0x0000009c55bfe358 mode 3
Event: 2.676 Thread 0x000001a9a5dddf00 DEOPT PACKING pc=0x000001a99a1d6581 sp=0x0000009c567fed30
Event: 2.676 Thread 0x000001a9a5dddf00 DEOPT UNPACKING pc=0x000001a999cf2b43 sp=0x0000009c567fe1c8 mode 3
Event: 2.938 Thread 0x000001a9a6115180 DEOPT PACKING pc=0x000001a99a511d35 sp=0x0000009c570fdce0
Event: 2.938 Thread 0x000001a9a6115180 DEOPT UNPACKING pc=0x000001a999cf2b43 sp=0x0000009c570fd208 mode 3

Classes unloaded (0 events):
No events

Classes redefined (0 events):
No events

Internal exceptions (20 events):
Event: 2.584 Thread 0x000001a9a5dd89c0 Exception <a 'sun/nio/fs/WindowsException'{0x00000000a42eb008}> (0x00000000a42eb008) 
thrown [s\src\hotspot\share\prims\jni.cpp, line 516]
Event: 2.584 Thread 0x000001a9a5dd89c0 Exception <a 'sun/nio/fs/WindowsException'{0x00000000a42eb3b0}> (0x00000000a42eb3b0) 
thrown [s\src\hotspot\share\prims\jni.cpp, line 516]
Event: 2.584 Thread 0x000001a9a5dd89c0 Exception <a 'sun/nio/fs/WindowsException'{0x00000000a42ebdb0}> (0x00000000a42ebdb0) 
thrown [s\src\hotspot\share\prims\jni.cpp, line 516]
Event: 2.584 Thread 0x000001a9a5dd89c0 Exception <a 'sun/nio/fs/WindowsException'{0x00000000a42ec170}> (0x00000000a42ec170) 
thrown [s\src\hotspot\share\prims\jni.cpp, line 516]
Event: 2.584 Thread 0x000001a9a5dd89c0 Exception <a 'sun/nio/fs/WindowsException'{0x00000000a4053c10}> (0x00000000a4053c10) 
thrown [s\src\hotspot\share\prims\jni.cpp, line 516]
Event: 2.585 Thread 0x000001a9a5dd89c0 Exception <a 'sun/nio/fs/WindowsException'{0x00000000a4053fc0}> (0x00000000a4053fc0) 
thrown [s\src\hotspot\share\prims\jni.cpp, line 516]
Event: 2.585 Thread 0x000001a9a5dd89c0 Exception <a 'sun/nio/fs/WindowsException'{0x00000000a40549c0}> (0x00000000a40549c0) 
thrown [s\src\hotspot\share\prims\jni.cpp, line 516]
Event: 2.585 Thread 0x000001a9a5dd89c0 Exception <a 'sun/nio/fs/WindowsException'{0x00000000a4054d80}> (0x00000000a4054d80) 
thrown [s\src\hotspot\share\prims\jni.cpp, line 516]
Event: 2.585 Thread 0x000001a9a5dd89c0 Exception <a 'sun/nio/fs/WindowsException'{0x00000000a40557a8}> (0x00000000a40557a8) 
thrown [s\src\hotspot\share\prims\jni.cpp, line 516]
Event: 2.585 Thread 0x000001a9a5dd89c0 Exception <a 'sun/nio/fs/WindowsException'{0x00000000a4055b88}> (0x00000000a4055b88) 
thrown [s\src\hotspot\share\prims\jni.cpp, line 516]
Event: 2.585 Thread 0x000001a9a5dd89c0 Exception <a 'sun/nio/fs/WindowsException'{0x00000000a40565c0}> (0x00000000a40565c0) 
thrown [s\src\hotspot\share\prims\jni.cpp, line 516]
Event: 2.585 Thread 0x000001a9a5dd89c0 Exception <a 'sun/nio/fs/WindowsException'{0x00000000a40569b0}> (0x00000000a40569b0) 
thrown [s\src\hotspot\share\prims\jni.cpp, line 516]
Event: 2.585 Thread 0x000001a9a5dd89c0 Exception <a 'sun/nio/fs/WindowsException'{0x00000000a40573d8}> (0x00000000a40573d8) 
thrown [s\src\hotspot\share\prims\jni.cpp, line 516]
Event: 2.585 Thread 0x000001a9a5dd89c0 Exception <a 'sun/nio/fs/WindowsException'{0x00000000a40577c8}> (0x00000000a40577c8) 
thrown [s\src\hotspot\share\prims\jni.cpp, line 516]
Event: 2.637 Thread 0x000001a99700a760 Exception <a 'java/lang/NoSuchMethodError'{0x00000000a4cd6e28}: 'java.lang.Object java.lang.invoke.DirectMethodHandle$Holder.newInvokeSpecial(java.lang.Object, java.lang.Object, int, java.lang.Object, java.lang.Object)'> (0x00000000a4cd6e28) 
thrown [s\src\hotspot\share\interpreter\linkResolver.cpp, line 759]
Event: 2.934 Thread 0x000001a9a6115180 Exception <a 'java/lang/NoSuchMethodError'{0x00000000a7a616d0}: 'java.lang.Object java.lang.invoke.DirectMethodHandle$Holder.invokeStatic(java.lang.Object, int, java.lang.Object)'> (0x00000000a7a616d0) 
thrown [s\src\hotspot\share\interpreter\linkResolver.cpp, line 759]
Event: 2.937 Thread 0x000001a9a6113970 Exception <a 'java/lang/NoSuchMethodError'{0x00000000a793a590}: 'java.lang.Object java.lang.invoke.DirectMethodHandle$Holder.invokeStatic(java.lang.Object, java.lang.Object, java.lang.Object, int, java.lang.Object, java.lang.Object)'> (0x00000000a793a590) 
thrown [s\src\hotspot\share\interpreter\linkResolver.cpp, line 759]
Event: 3.030 Thread 0x000001a9a6115180 Exception <a 'java/lang/NoSuchMethodError'{0x00000000ad31fef0}: 'int java.lang.invoke.DirectMethodHandle$Holder.invokeStatic(java.lang.Object)'> (0x00000000ad31fef0) 
thrown [s\src\hotspot\share\interpreter\linkResolver.cpp, line 759]
Event: 3.030 Thread 0x000001a9a6115180 Exception <a 'java/lang/NoSuchMethodError'{0x00000000ad323648}: 'int java.lang.invoke.DirectMethodHandle$Holder.invokeStaticInit(java.lang.Object)'> (0x00000000ad323648) 
thrown [s\src\hotspot\share\interpreter\linkResolver.cpp, line 759]
Event: 3.047 Thread 0x000001a9a6113970 Exception <a 'java/lang/NoSuchMethodError'{0x00000000acf79160}: 'int java.lang.invoke.DirectMethodHandle$Holder.invokeVirtual(java.lang.Object, java.lang.Object)'> (0x00000000acf79160) 
thrown [s\src\hotspot\share\interpreter\linkResolver.cpp, line 759]

VM Operations (20 events):
Event: 3.018 Executing VM operation: G1TryInitiateConcMark done
Event: 3.058 Executing VM operation: HandshakeAllThreads
Event: 3.062 Executing VM operation: HandshakeAllThreads done
Event: 3.063 Executing VM operation: HandshakeAllThreads
Event: 3.068 Executing VM operation: HandshakeAllThreads done
Event: 3.068 Executing VM operation: G1CollectForAllocation
Event: 3.084 Executing VM operation: G1CollectForAllocation done
Event: 3.084 Executing VM operation: HandshakeAllThreads
Event: 3.085 Executing VM operation: HandshakeAllThreads done
Event: 3.100 Executing VM operation: G1CollectForAllocation
Event: 3.101 Executing VM operation: G1CollectForAllocation done
Event: 3.101 Executing VM operation: G1CollectForAllocation
Event: 3.116 Executing VM operation: G1CollectForAllocation done
Event: 3.130 Executing VM operation: G1CollectForAllocation
Event: 3.131 Executing VM operation: G1CollectForAllocation done
Event: 3.131 Executing VM operation: G1CollectForAllocation
Event: 3.134 Executing VM operation: G1CollectForAllocation done
Event: 3.149 Executing VM operation: G1CollectForAllocation
Event: 3.150 Executing VM operation: G1CollectForAllocation done
Event: 3.150 Executing VM operation: G1CollectForAllocation

Events (20 events):
Event: 2.966 Thread 0x000001a9a61181a0 Thread added: 0x000001a9a61181a0
Event: 2.967 Thread 0x000001a9a6118b40 Thread added: 0x000001a9a6118b40
Event: 2.968 Thread 0x000001a9a6112160 Thread added: 0x000001a9a6112160
Event: 2.969 Thread 0x000001a9a6115b20 Thread added: 0x000001a9a6115b20
Event: 2.970 Thread 0x000001a9a6119010 Thread added: 0x000001a9a6119010
Event: 2.971 Thread 0x000001a9a6115ff0 Thread added: 0x000001a9a6115ff0
Event: 2.972 Thread 0x000001a9a61194e0 Thread added: 0x000001a9a61194e0
Event: 3.039 loading class java/util/concurrent/CompletionException
Event: 3.039 loading class java/util/concurrent/CompletionException done
Event: 3.052 loading class java/io/PrintWriter
Event: 3.053 loading class java/io/PrintWriter done
Event: 3.056 loading class sun/nio/cs/StringUTF16
Event: 3.057 loading class sun/nio/cs/StringUTF16 done
Event: 3.065 Thread 0x000001a9a6117330 Thread added: 0x000001a9a6117330
Event: 3.086 loading class java/util/WeakHashMap$EntrySet
Event: 3.086 loading class java/util/WeakHashMap$EntrySet done
Event: 3.086 loading class java/util/WeakHashMap$EntryIterator
Event: 3.087 loading class java/util/WeakHashMap$HashIterator
Event: 3.087 loading class java/util/WeakHashMap$HashIterator done
Event: 3.087 loading class java/util/WeakHashMap$EntryIterator done


Dynamic libraries:
0x00007ff752bf0000 - 0x00007ff752bfe000 	c:\Users\samue\.vscode\extensions\redhat.java-1.10.0-win32-x64\jre\17.0.4-win32-x86_64\bin\java.exe
0x00007fff58f70000 - 0x00007fff59168000 	C:\Windows\SYSTEM32\ntdll.dll
0x00007fff573f0000 - 0x00007fff574ad000 	C:\Windows\System32\KERNEL32.DLL
0x00007fff566c0000 - 0x00007fff5698e000 	C:\Windows\System32\KERNELBASE.dll
0x00007fff56c70000 - 0x00007fff56d70000 	C:\Windows\System32\ucrtbase.dll
0x00007fff34aa0000 - 0x00007fff34ab9000 	c:\Users\samue\.vscode\extensions\redhat.java-1.10.0-win32-x64\jre\17.0.4-win32-x86_64\bin\VCRUNTIME140.dll
0x00007fff507b0000 - 0x00007fff507c8000 	c:\Users\samue\.vscode\extensions\redhat.java-1.10.0-win32-x64\jre\17.0.4-win32-x86_64\bin\jli.dll
0x00007fff578f0000 - 0x00007fff57a90000 	C:\Windows\System32\USER32.dll
0x00007fff56990000 - 0x00007fff569b2000 	C:\Windows\System32\win32u.dll
0x00007fff578c0000 - 0x00007fff578ea000 	C:\Windows\System32\GDI32.dll
0x00007fff56a10000 - 0x00007fff56b1b000 	C:\Windows\System32\gdi32full.dll
0x00007fff56bd0000 - 0x00007fff56c6d000 	C:\Windows\System32\msvcp_win.dll
0x00007fff37340000 - 0x00007fff375da000 	C:\Windows\WinSxS\amd64_microsoft.windows.common-controls_6595b64144ccf1df_6.0.19041.1110_none_60b5254171f9507e\COMCTL32.dll
0x00007fff58e90000 - 0x00007fff58f2e000 	C:\Windows\System32\msvcrt.dll
0x00007fff58e60000 - 0x00007fff58e90000 	C:\Windows\System32\IMM32.DLL
0x00007fff507a0000 - 0x00007fff507ac000 	c:\Users\samue\.vscode\extensions\redhat.java-1.10.0-win32-x64\jre\17.0.4-win32-x86_64\bin\vcruntime140_1.dll
0x00007ffed6150000 - 0x00007ffed61e1000 	c:\Users\samue\.vscode\extensions\redhat.java-1.10.0-win32-x64\jre\17.0.4-win32-x86_64\bin\msvcp140.dll
0x00007ffecf390000 - 0x00007ffecffd6000 	c:\Users\samue\.vscode\extensions\redhat.java-1.10.0-win32-x64\jre\17.0.4-win32-x86_64\bin\server\jvm.dll
0x00007fff57060000 - 0x00007fff5710e000 	C:\Windows\System32\ADVAPI32.dll
0x00007fff58dc0000 - 0x00007fff58e5c000 	C:\Windows\System32\sechost.dll
0x00007fff57130000 - 0x00007fff57255000 	C:\Windows\System32\RPCRT4.dll
0x00007fff57a90000 - 0x00007fff57a98000 	C:\Windows\System32\PSAPI.DLL
0x00007fff4cd90000 - 0x00007fff4cd9a000 	C:\Windows\SYSTEM32\VERSION.dll
0x00007fff47510000 - 0x00007fff47519000 	C:\Windows\SYSTEM32\WSOCK32.dll
0x00007fff4c2a0000 - 0x00007fff4c2c7000 	C:\Windows\SYSTEM32\WINMM.dll
0x00007fff57d10000 - 0x00007fff57d7b000 	C:\Windows\System32\WS2_32.dll
0x00007fff54550000 - 0x00007fff54562000 	C:\Windows\SYSTEM32\kernel.appcore.dll
0x00007fff3c0f0000 - 0x00007fff3c0fa000 	c:\Users\samue\.vscode\extensions\redhat.java-1.10.0-win32-x64\jre\17.0.4-win32-x86_64\bin\jimage.dll
0x00007fff4bff0000 - 0x00007fff4c1d4000 	C:\Windows\SYSTEM32\DBGHELP.DLL
0x00007fff48850000 - 0x00007fff4887c000 	C:\Windows\SYSTEM32\dbgcore.DLL
0x00007fff56d70000 - 0x00007fff56df2000 	C:\Windows\System32\bcryptPrimitives.dll
0x00007fff05640000 - 0x00007fff05665000 	c:\Users\samue\.vscode\extensions\redhat.java-1.10.0-win32-x64\jre\17.0.4-win32-x86_64\bin\java.dll
0x00007fff30d30000 - 0x00007fff30d48000 	c:\Users\samue\.vscode\extensions\redhat.java-1.10.0-win32-x64\jre\17.0.4-win32-x86_64\bin\zip.dll
0x00007fff585c0000 - 0x00007fff58d04000 	C:\Windows\System32\SHELL32.dll
0x00007fff54750000 - 0x00007fff54ee4000 	C:\Windows\SYSTEM32\windows.storage.dll
0x00007fff574b0000 - 0x00007fff57804000 	C:\Windows\System32\combase.dll
0x00007fff55f40000 - 0x00007fff55f70000 	C:\Windows\SYSTEM32\Wldp.dll
0x00007fff57810000 - 0x00007fff578bd000 	C:\Windows\System32\SHCORE.dll
0x00007fff57aa0000 - 0x00007fff57af5000 	C:\Windows\System32\shlwapi.dll
0x00007fff565d0000 - 0x00007fff565ef000 	C:\Windows\SYSTEM32\profapi.dll
0x00007fff27820000 - 0x00007fff27839000 	C:\Users\samue\.vscode\extensions\redhat.java-1.10.0-win32-x64\jre\17.0.4-win32-x86_64\bin\net.dll
0x00007fff4e590000 - 0x00007fff4e69a000 	C:\Windows\SYSTEM32\WINHTTP.dll
0x00007fff55d20000 - 0x00007fff55d8a000 	C:\Windows\system32\mswsock.dll
0x00007fff1d4c0000 - 0x00007fff1d4d5000 	C:\Users\samue\.vscode\extensions\redhat.java-1.10.0-win32-x64\jre\17.0.4-win32-x86_64\bin\nio.dll
0x00007fff37720000 - 0x00007fff37730000 	c:\Users\samue\.vscode\extensions\redhat.java-1.10.0-win32-x64\jre\17.0.4-win32-x86_64\bin\verify.dll
0x00007fff50ff0000 - 0x00007fff50ff9000 	C:\Users\samue\.vscode\extensions\redhat.java-1.10.0-win32-x64\jre\17.0.4-win32-x86_64\bin\management.dll
0x00007fff4d390000 - 0x00007fff4d39b000 	C:\Users\samue\.vscode\extensions\redhat.java-1.10.0-win32-x64\jre\17.0.4-win32-x86_64\bin\management_ext.dll
0x00007fff38a10000 - 0x00007fff38a27000 	C:\Windows\system32\napinsp.dll
0x00007fff389f0000 - 0x00007fff38a0b000 	C:\Windows\system32\pnrpnsp.dll
0x00007fff51bc0000 - 0x00007fff51bd5000 	C:\Windows\system32\wshbth.dll
0x00007fff50020000 - 0x00007fff5003d000 	C:\Windows\system32\NLAapi.dll
0x00007fff55a30000 - 0x00007fff55a6b000 	C:\Windows\SYSTEM32\IPHLPAPI.DLL
0x00007fff55a70000 - 0x00007fff55b3a000 	C:\Windows\SYSTEM32\DNSAPI.dll
0x00007fff57d80000 - 0x00007fff57d88000 	C:\Windows\System32\NSI.dll
0x00007fff38880000 - 0x00007fff38892000 	C:\Windows\System32\winrnr.dll
0x00007fff4b2e0000 - 0x00007fff4b2ea000 	C:\Windows\System32\rasadhlp.dll
0x00007fff4df60000 - 0x00007fff4dfe0000 	C:\Windows\System32\fwpuclnt.dll
0x00007fff56690000 - 0x00007fff566b7000 	C:\Windows\System32\bcrypt.dll
0x00007fff55f80000 - 0x00007fff55f98000 	C:\Windows\SYSTEM32\CRYPTSP.dll
0x00007fff556c0000 - 0x00007fff556f4000 	C:\Windows\system32\rsaenh.dll
0x00007fff56550000 - 0x00007fff5657e000 	C:\Windows\SYSTEM32\USERENV.dll
0x00007fff55eb0000 - 0x00007fff55ebc000 	C:\Windows\SYSTEM32\CRYPTBASE.dll
0x00007fff4ffe0000 - 0x00007fff4fff7000 	C:\Windows\SYSTEM32\dhcpcsvc6.DLL
0x00007fff4fb70000 - 0x00007fff4fb8d000 	C:\Windows\SYSTEM32\dhcpcsvc.DLL

dbghelp: loaded successfully - version: 4.0.5 - missing functions: none
symbol engine: initialized successfully - sym options: 0x614 - pdb path: .;c:\Users\samue\.vscode\extensions\redhat.java-1.10.0-win32-x64\jre\17.0.4-win32-x86_64\bin;C:\Windows\SYSTEM32;C:\Windows\WinSxS\amd64_microsoft.windows.common-controls_6595b64144ccf1df_6.0.19041.1110_none_60b5254171f9507e;c:\Users\samue\.vscode\extensions\redhat.java-1.10.0-win32-x64\jre\17.0.4-win32-x86_64\bin\server

VM Arguments:
jvm_args: -Dsts.lsp.client=vscode -Dsts.log.file=/dev/null -XX:TieredStopAtLevel=1 -Dspring.config.location=file:c:\Users\samue\.vscode\extensions\pivotal.vscode-spring-boot-1.38.0\language-server\BOOT-INF\classes\application.properties 
java_command: org.springframework.ide.vscode.boot.app.BootLanguageServerBootApp
java_class_path (initial): c:\Users\samue\.vscode\extensions\pivotal.vscode-spring-boot-1.38.0\language-server\BOOT-INF\classes;c:\Users\samue\.vscode\extensions\pivotal.vscode-spring-boot-1.38.0\language-server\BOOT-INF\lib\annotations-23.0.0.jar;c:\Users\samue\.vscode\extensions\pivotal.vscode-spring-boot-1.38.0\language-server\BOOT-INF\lib\antlr-runtime-3.5.2.jar;c:\Users\samue\.vscode\extensions\pivotal.vscode-spring-boot-1.38.0\language-server\BOOT-INF\lib\antlr4-4.9.3.jar;c:\Users\samue\.vscode\extensions\pivotal.vscode-spring-boot-1.38.0\language-server\BOOT-INF\lib\antlr4-runtime-4.9.3.jar;c:\Users\samue\.vscode\extensions\pivotal.vscode-spring-boot-1.38.0\language-server\BOOT-INF\lib\asm-9.3.jar;c:\Users\samue\.vscode\extensions\pivotal.vscode-spring-boot-1.38.0\language-server\BOOT-INF\lib\asm-analysis-9.3.jar;c:\Users\samue\.vscode\extensions\pivotal.vscode-spring-boot-1.38.0\language-server\BOOT-INF\lib\asm-tree-9.3.jar;c:\Users\samue\.vscode\extensions\pivotal.vscode-spring-boot-1.38.0\language-server\BOOT-INF\lib\asm-util-9.3.jar;c:\Users\samue\.vscode\extensions\pivotal.vscode-spring-boot-1.38.0\language-server\BOOT-INF\lib\byte-buddy-1.10.18.jar;c:\Users\samue\.vscode\extensions\pivotal.vscode-spring-boot-1.38.0\language-server\BOOT-INF\lib\caffeine-2.8.6.jar;c:\Users\samue\.vscode\extensions\pivotal.vscode-spring-boot-1.38.0\language-server\BOOT-INF\lib\checker-qual-3.12.0.jar;c:\Users\samue\.vscode\extensions\pivotal.vscode-spring-boot-1.38.0\language-server\BOOT-INF\lib\classgraph-4.8.149.jar;c:\Users\samue\.vscode\extensions\pivotal.vscode-spring-boot-1.38.0\language-server\BOOT-INF\lib\commons-codec-1.14.jar;c:\Users\samue\.vscode\extensions\pivotal.vscode-spring-boot-1.38.0\language-server\BOOT-INF\lib\commons-compress-1.21.jar;c:\Users\samue\.vscode\extensions\pivotal.vscode-spring-boot-1.38.0\language-server\BOOT-INF\lib\commons-exec-1.3.jar;c:\Users\samue\.vscode\extensions\pivotal.vscode-spring-boot-1.38.0\language-server\BOOT-INF\lib\com
Launcher Type: SUN_STANDARD

[Global flags]
     intx CICompilerCount                          = 4                                         {product} {ergonomic}
     uint ConcGCThreads                            = 3                                         {product} {ergonomic}
     uint G1ConcRefinementThreads                  = 10                                        {product} {ergonomic}
   size_t G1HeapRegionSize                         = 1048576                                   {product} {ergonomic}
    uintx GCDrainStackTargetSize                   = 64                                        {product} {ergonomic}
   size_t InitialHeapSize                          = 98566144                                  {product} {ergonomic}
   size_t MarkStackSize                            = 4194304                                   {product} {ergonomic}
   size_t MaxHeapSize                              = 1570766848                                {product} {ergonomic}
   size_t MaxNewSize                               = 941621248                                 {product} {ergonomic}
   size_t MinHeapDeltaBytes                        = 1048576                                   {product} {ergonomic}
   size_t MinHeapSize                              = 8388608                                   {product} {ergonomic}
    uintx NonProfiledCodeHeapSize                  = 0                                      {pd product} {ergonomic}
     bool ProfileInterpreter                       = false                                  {pd product} {command line}
    uintx ProfiledCodeHeapSize                     = 0                                      {pd product} {ergonomic}
   size_t SoftMaxHeapSize                          = 1570766848                             {manageable} {ergonomic}
     intx TieredStopAtLevel                        = 1                                         {product} {command line}
     bool UseCompressedClassPointers               = true                           {product lp64_product} {ergonomic}
     bool UseCompressedOops                        = true                           {product lp64_product} {ergonomic}
     bool UseG1GC                                  = true                                      {product} {ergonomic}
     bool UseLargePagesIndividualAllocation        = false                                  {pd product} {ergonomic}

Logging:
Log output configuration:
 #0: stdout all=warning uptime,level,tags
 #1: stderr all=off uptime,level,tags

Environment Variables:
JAVA_HOME=C:\Program Files\OpenJDK\jdk-18.0.2
PATH=C:\Program Files (x86)\NVIDIA Corporation\PhysX\Common;C:\Python310\Scripts\;C:\Python310\;C:\Program Files\OpenJDK\jdk-18.0.2/bin;${maven.home}\bin;C:\ProgramData\chocolatey\bin;C:\ProgramData\chocolatey\lib\maven\apache-maven-3.8.6\bin;C:\Program Files\Git\cmd;C:\Program Files\Git\bin;C:\Program Files\Git\cmd;C:\Users\samue\AppData\Roaming\nvm;C:\Program Files\nodejs;C:\Windows\system32;C:\Windows;C:\tools\Anaconda3;C:\tools\Anaconda3\Scripts;C:\Program Files\Docker\Docker\resources\bin;C:\ProgramData\DockerDesktop\version-bin;C:\Program Files\OpenJDK\jdk-18.0.2\bin;;C:\Program Files\OpenJDK\jdk-18.0.2\bin;C:\Program Files\MySQL\MySQL Shell 8.0\bin\;C:\Users\samue\AppData\Local\Microsoft\WindowsApps;C:\Users\samue\AppData\Local\Programs\Microsoft VS Code\bin;C:\Users\samue\AppData\Roaming\npm;C:\Program Files\heroku\bin;C:\Users\samue\AppData\Roaming\nvm;C:\Program Files\nodejs;C:\Program Files\OpenJDK\jdk-18.0.2\bin;
USERNAME=samue
OS=Windows_NT
PROCESSOR_IDENTIFIER=AMD64 Family 23 Model 104 Stepping 1, AuthenticAMD
TMP=C:\Users\samue\AppData\Local\Temp
TEMP=C:\Users\samue\AppData\Local\Temp



---------------  S Y S T E M  ---------------

OS:
 Windows 10 , 64 bit Build 19041 (10.0.19041.1889)
OS uptime: 4 days 22:34 hours
Hyper-V role detected

CPU: total 12 (initial active 12) (12 cores per cpu, 2 threads per core) family 23 model 104 stepping 1 microcode 0x0, cx8, cmov, fxsr, ht, mmx, 3dnowpref, sse, sse2, sse3, ssse3, sse4a, sse4.1, sse4.2, popcnt, lzcnt, tsc, tscinvbit, avx, avx2, aes, clmul, bmi1, bmi2, adx, sha, fma, vzeroupper, clflush, clflushopt, hv

Memory: 4k page, system-wide physical 5989M (329M free)
TotalPageFile size 24421M (AvailPageFile size 8M)
current process WorkingSet (physical memory assigned to process): 279M, peak: 279M
current process commit charge ("private bytes"): 649M, peak: 654M

vm_info: OpenJDK 64-Bit Server VM (17.0.4+8) for windows-amd64 JRE (17.0.4+8), built on Jul 19 2022 16:05:16 by "temurin" with MS VC++ 16.7 (VS2019)

END.
